2024-08-17 22:21:15,308 - __main__ - INFO - 開始購票流程...
2024-08-17 22:21:15,309 - WDM - INFO - ====== WebDriver manager ======
2024-08-17 22:21:15,633 - WDM - INFO - Get LATEST chromedriver version for google-chrome
2024-08-17 22:21:15,808 - WDM - INFO - Get LATEST chromedriver version for google-chrome
2024-08-17 22:21:15,977 - WDM - INFO - Driver [/Users/harveychan/.wdm/drivers/chromedriver/mac64/127.0.6533.119/chromedriver-mac-x64/chromedriver] found in cache
2024-08-17 22:21:56,727 - __main__ - INFO - 添加Cookies...
2024-08-17 22:21:56,809 - __main__ - INFO - Cookies添加完畢
2024-08-17 22:22:14,318 - __main__ - INFO - 嘗試點擊 '我要購票' 按鈕...
2024-08-17 22:22:28,932 - __main__ - INFO - 成功點擊 '我要購票' 按鈕
2024-08-17 22:22:28,933 - __main__ - INFO - 嘗試點擊 '立即訂購' 按鈕...
2024-08-17 22:22:45,100 - __main__ - INFO - 成功點擊 '立即訂購' 按鈕
2024-08-17 22:22:45,101 - __main__ - INFO - 選擇電腦配位...
2024-08-17 22:22:47,286 - __main__ - INFO - 成功選擇電腦配位
2024-08-17 22:22:49,931 - __main__ - INFO - 選擇的票： {'區域': '2樓紅217區2680元', '票價': '2,680', '空位': '18', 'element': <selenium.webdriver.remote.webelement.WebElement (session="950861c7dc36e147d8e18e3ff09eec4d", element="f.0D90F70C8055741FCBB04B35E0E9974B.d.7B653E1F9BD2B49035C8A467E28F57DE.e.427")>}
2024-08-17 22:23:10,276 - __main__ - INFO - 點擊加號按鈕...
2024-08-17 22:23:11,501 - __main__ - INFO - 成功點擊加號按鈕
2024-08-17 22:23:11,501 - __main__ - INFO - 點擊加號按鈕...
2024-08-17 22:23:12,042 - __main__ - INFO - 成功點擊加號按鈕
2024-08-17 22:23:12,042 - __main__ - INFO - 處理驗證碼...
2024-08-17 22:23:12,834 - __main__ - INFO - 驗證碼處理完畢，輸入: 
2024-08-17 22:23:12,834 - __main__ - INFO - 添加到購物車...
2024-08-17 22:23:16,843 - __main__ - INFO - 成功添加到購物車
2024-08-17 22:31:04,588 - __main__ - INFO - 開始購票流程...
2024-08-17 22:31:04,589 - WDM - INFO - ====== WebDriver manager ======
2024-08-17 22:31:05,239 - WDM - INFO - Get LATEST chromedriver version for google-chrome
2024-08-17 22:31:05,448 - WDM - INFO - Get LATEST chromedriver version for google-chrome
2024-08-17 22:31:05,817 - WDM - INFO - Driver [/Users/harveychan/.wdm/drivers/chromedriver/mac64/127.0.6533.119/chromedriver-mac-x64/chromedriver] found in cache
2024-08-17 22:31:45,406 - __main__ - INFO - 添加Cookies...
2024-08-17 22:31:45,528 - __main__ - INFO - Cookies添加完畢
2024-08-17 22:32:04,528 - __main__ - INFO - 嘗試點擊 '我要購票' 按鈕...
2024-08-17 22:32:17,290 - __main__ - INFO - 成功點擊 '我要購票' 按鈕
2024-08-17 22:32:17,292 - __main__ - INFO - 嘗試點擊 '立即訂購' 按鈕...
2024-08-17 22:33:01,130 - __main__ - INFO - 成功點擊 '立即訂購' 按鈕
2024-08-17 22:33:01,132 - __main__ - INFO - 選擇電腦配位...
2024-08-17 22:33:09,331 - __main__ - INFO - 成功選擇電腦配位
2024-08-17 22:33:12,390 - __main__ - INFO - 選擇的票： {'區域': '2樓紅218區2680元', '票價': '2,680', '空位': '14', 'element': <selenium.webdriver.remote.webelement.WebElement (session="ba465599daf3f8c94ce6bbd704156070", element="f.813B825D31DB57BF0E7735EE88509F1C.d.4F98016ACA4A769EF4641598BA7F38F1.e.350")>}
2024-08-17 22:33:53,987 - __main__ - INFO - 點擊加號按鈕...
2024-08-17 22:33:54,964 - __main__ - INFO - 成功點擊加號按鈕
2024-08-17 22:33:54,964 - __main__ - INFO - 點擊加號按鈕...
2024-08-17 22:33:55,482 - __main__ - INFO - 成功點擊加號按鈕
2024-08-17 22:33:55,483 - __main__ - INFO - 處理驗證碼...
2024-08-17 22:33:55,807 - __main__ - INFO - 驗證碼圖片已保存至: captcha.png
2024-08-17 22:36:08,748 - __main__ - INFO - 開始購票流程...
2024-08-17 22:36:08,749 - WDM - INFO - ====== WebDriver manager ======
2024-08-17 22:36:09,208 - WDM - INFO - Get LATEST chromedriver version for google-chrome
2024-08-17 22:36:09,397 - WDM - INFO - Get LATEST chromedriver version for google-chrome
2024-08-17 22:36:09,568 - WDM - INFO - Driver [/Users/harveychan/.wdm/drivers/chromedriver/mac64/127.0.6533.119/chromedriver-mac-x64/chromedriver] found in cache
2024-08-17 22:37:17,260 - __main__ - INFO - 添加Cookies...
2024-08-17 22:37:19,852 - __main__ - INFO - Cookies添加完畢
2024-08-17 22:37:34,147 - __main__ - INFO - 嘗試點擊 '我要購票' 按鈕...
2024-08-17 22:37:48,351 - __main__ - INFO - 成功點擊 '我要購票' 按鈕
2024-08-17 22:37:48,351 - __main__ - INFO - 嘗試點擊 '立即訂購' 按鈕...
2024-08-17 22:37:59,465 - __main__ - INFO - 成功點擊 '立即訂購' 按鈕
2024-08-17 22:37:59,467 - __main__ - INFO - 選擇電腦配位...
2024-08-17 22:38:01,354 - __main__ - INFO - 成功選擇電腦配位
2024-08-17 22:38:04,342 - __main__ - INFO - 選擇的票： {'區域': '2樓橙210區3080元', '票價': '3,080', '空位': '27', 'element': <selenium.webdriver.remote.webelement.WebElement (session="7e519adb85c69ddfd1302d97c735512c", element="f.8EB96BABBFCAE3FC4CF1284B87FFDF6F.d.48409D7EA4166E90F766784A9A72BBF7.e.416")>}
2024-08-17 22:38:20,889 - __main__ - INFO - 點擊加號按鈕...
2024-08-17 22:38:21,841 - __main__ - INFO - 成功點擊加號按鈕
2024-08-17 22:38:21,841 - __main__ - INFO - 點擊加號按鈕...
2024-08-17 22:38:22,400 - __main__ - INFO - 成功點擊加號按鈕
2024-08-17 22:38:22,402 - __main__ - INFO - 處理驗證碼...
2024-08-17 22:38:22,673 - __main__ - INFO - 驗證碼圖片已保存至: captcha.png
2024-08-17 22:38:23,188 - urllib3.connectionpool - WARNING - Connection pool is full, discarding connection: localhost. Connection pool size: 1
2024-08-17 22:38:24,396 - urllib3.connectionpool - WARNING - Connection pool is full, discarding connection: localhost. Connection pool size: 1
2024-08-17 22:38:24,396 - __main__ - INFO - 添加到購物車...
2024-08-17 22:38:28,772 - __main__ - INFO - 成功添加到購物車
2024-08-17 22:44:22,412 - __main__ - INFO - 開始購票流程...
2024-08-17 22:44:22,413 - WDM - INFO - ====== WebDriver manager ======
2024-08-17 22:44:22,742 - WDM - INFO - Get LATEST chromedriver version for google-chrome
2024-08-17 22:44:22,954 - WDM - INFO - Get LATEST chromedriver version for google-chrome
2024-08-17 22:44:23,125 - WDM - INFO - Driver [/Users/harveychan/.wdm/drivers/chromedriver/mac64/127.0.6533.119/chromedriver-mac-x64/chromedriver] found in cache
2024-08-17 22:44:59,974 - __main__ - INFO - 添加Cookies...
2024-08-17 22:45:01,511 - __main__ - INFO - Cookies添加完畢
2024-08-17 22:45:14,990 - __main__ - INFO - 嘗試點擊 '我要購票' 按鈕...
2024-08-17 22:45:26,217 - __main__ - INFO - 成功點擊 '我要購票' 按鈕
2024-08-17 22:45:26,217 - __main__ - INFO - 嘗試點擊 '立即訂購' 按鈕...
2024-08-17 22:45:36,160 - __main__ - INFO - 成功點擊 '立即訂購' 按鈕
2024-08-17 22:45:36,160 - __main__ - INFO - 選擇電腦配位...
2024-08-17 22:45:38,480 - __main__ - INFO - 成功選擇電腦配位
2024-08-17 22:45:41,215 - __main__ - INFO - 選擇的票： {'區域': '4樓綠407區2680元', '票價': '2,680', '空位': '2', 'element': <selenium.webdriver.remote.webelement.WebElement (session="489a65da6e1d438a227476e07c5c75ff", element="f.6AABDE83732E5833C0123E21E7A8521E.d.F0125E1F73C0F5ABD77419521649E76E.e.441")>}
2024-08-17 22:45:57,147 - __main__ - INFO - 點擊加號按鈕...
2024-08-17 22:45:57,147 - __main__ - INFO - 點擊加號按鈕...
2024-08-17 22:45:58,052 - __main__ - INFO - 成功點擊加號按鈕
2024-08-17 22:45:58,337 - urllib3.connectionpool - WARNING - Connection pool is full, discarding connection: localhost. Connection pool size: 1
2024-08-17 22:45:58,337 - __main__ - INFO - 成功點擊加號按鈕
2024-08-17 22:45:58,337 - __main__ - INFO - 處理驗證碼...
2024-08-17 22:45:58,614 - __main__ - INFO - 驗證碼圖片已保存至: captcha.png
2024-08-17 22:50:33,691 - __main__ - INFO - 開始購票流程...
2024-08-17 22:50:33,692 - WDM - INFO - ====== WebDriver manager ======
2024-08-17 22:50:34,021 - WDM - INFO - Get LATEST chromedriver version for google-chrome
2024-08-17 22:50:34,218 - WDM - INFO - Get LATEST chromedriver version for google-chrome
2024-08-17 22:50:34,381 - WDM - INFO - Driver [/Users/harveychan/.wdm/drivers/chromedriver/mac64/127.0.6533.119/chromedriver-mac-x64/chromedriver] found in cache
2024-08-17 22:51:16,519 - __main__ - INFO - 添加Cookies...
2024-08-17 22:51:16,607 - __main__ - INFO - Cookies添加完畢
2024-08-17 22:51:29,913 - __main__ - INFO - 嘗試點擊 '我要購票' 按鈕...
2024-08-17 22:51:58,433 - __main__ - INFO - 成功點擊 '我要購票' 按鈕
2024-08-17 22:51:58,433 - __main__ - INFO - 嘗試點擊 '立即訂購' 按鈕...
2024-08-17 22:52:33,354 - __main__ - INFO - 成功點擊 '立即訂購' 按鈕
2024-08-17 22:52:33,355 - __main__ - INFO - 選擇電腦配位...
2024-08-17 22:52:34,065 - __main__ - INFO - 成功選擇電腦配位
2024-08-17 22:52:37,161 - __main__ - INFO - 選擇的票： {'區域': '4樓綠406區2680元', '票價': '2,680', '空位': '5', 'element': <selenium.webdriver.remote.webelement.WebElement (session="fd919851564fd599ab571c2f809dda21", element="f.D669D6C40482D5AA2927F521EEAADAB2.d.32A734FFD6B485DA62859E427B43AD94.e.352")>}
2024-08-17 22:53:11,806 - __main__ - INFO - 開始購票流程...
2024-08-17 22:53:11,806 - WDM - INFO - ====== WebDriver manager ======
2024-08-17 22:53:12,088 - WDM - INFO - Get LATEST chromedriver version for google-chrome
2024-08-17 22:53:12,280 - WDM - INFO - Get LATEST chromedriver version for google-chrome
2024-08-17 22:53:12,450 - WDM - INFO - Driver [/Users/harveychan/.wdm/drivers/chromedriver/mac64/127.0.6533.119/chromedriver-mac-x64/chromedriver] found in cache
2024-08-17 22:53:32,524 - __main__ - INFO - 添加Cookies...
2024-08-17 22:53:47,845 - __main__ - INFO - Cookies添加完畢
2024-08-17 22:54:00,762 - __main__ - INFO - 嘗試點擊 '我要購票' 按鈕...
2024-08-17 22:54:11,954 - __main__ - INFO - 成功點擊 '我要購票' 按鈕
2024-08-17 22:54:11,955 - __main__ - INFO - 嘗試點擊 '立即訂購' 按鈕...
2024-08-17 22:54:21,751 - __main__ - INFO - 成功點擊 '立即訂購' 按鈕
2024-08-17 22:54:21,751 - __main__ - INFO - 選擇電腦配位...
2024-08-17 22:54:23,378 - __main__ - INFO - 成功選擇電腦配位
2024-08-17 22:54:25,889 - __main__ - INFO - 選擇的票： {'區域': '4樓綠409區2680元', '票價': '2,680', '空位': '3', 'element': <selenium.webdriver.remote.webelement.WebElement (session="b7e0379c4ee3d0c47821fb19c55f32ca", element="f.6F33983744590A6394435AFA02228B34.d.F52EE34639698C5BA96AFD30AAD9C889.e.448")>}
2024-08-17 22:54:40,772 - __main__ - INFO - 點擊加號按鈕...
2024-08-17 22:54:40,772 - __main__ - INFO - 點擊加號按鈕...
2024-08-17 22:54:40,772 - __main__ - INFO - 輸入用戶名...
2024-08-17 22:54:40,772 - __main__ - INFO - 輸入密碼...
2024-08-17 22:54:41,767 - __main__ - INFO - 成功點擊加號按鈕
2024-08-17 22:54:42,065 - urllib3.connectionpool - WARNING - Connection pool is full, discarding connection: localhost. Connection pool size: 1
2024-08-17 22:54:42,065 - __main__ - INFO - 成功點擊加號按鈕
2024-08-17 22:54:42,585 - urllib3.connectionpool - WARNING - Connection pool is full, discarding connection: localhost. Connection pool size: 1
2024-08-17 22:54:42,586 - __main__ - INFO - 用戶名輸入完畢
2024-08-17 22:54:43,214 - urllib3.connectionpool - WARNING - Connection pool is full, discarding connection: localhost. Connection pool size: 1
2024-08-17 22:54:43,214 - __main__ - INFO - 密碼輸入完畢
2024-08-17 22:54:43,214 - __main__ - INFO - 處理驗證碼...
2024-08-17 22:54:43,427 - __main__ - INFO - 驗證碼圖片已保存至: captcha.png
2024-08-17 22:55:50,463 - __main__ - INFO - 開始購票流程...
2024-08-17 22:55:50,464 - WDM - INFO - ====== WebDriver manager ======
2024-08-17 22:55:50,807 - WDM - INFO - Get LATEST chromedriver version for google-chrome
2024-08-17 22:55:51,004 - WDM - INFO - Get LATEST chromedriver version for google-chrome
2024-08-17 22:55:51,172 - WDM - INFO - Driver [/Users/harveychan/.wdm/drivers/chromedriver/mac64/127.0.6533.119/chromedriver-mac-x64/chromedriver] found in cache
2024-08-17 22:56:30,839 - __main__ - INFO - 添加Cookies...
2024-08-17 22:56:33,172 - __main__ - INFO - Cookies添加完畢
2024-08-17 22:56:47,319 - __main__ - INFO - 嘗試點擊 '我要購票' 按鈕...
2024-08-17 22:57:01,946 - __main__ - INFO - 成功點擊 '我要購票' 按鈕
2024-08-17 22:57:01,946 - __main__ - INFO - 嘗試點擊 '立即訂購' 按鈕...
2024-08-17 22:57:14,546 - __main__ - INFO - 成功點擊 '立即訂購' 按鈕
2024-08-17 22:57:14,546 - __main__ - INFO - 選擇電腦配位...
2024-08-17 22:57:18,339 - __main__ - INFO - 成功選擇電腦配位
2024-08-17 22:57:21,556 - __main__ - INFO - 選擇的票： {'區域': '2樓紅218區3880元', '票價': '3,880', '空位': '20', 'element': <selenium.webdriver.remote.webelement.WebElement (session="eea8b6d232d0eb1d3255f5b44b3a84e8", element="f.43435B8AD35BF4C048792424AA8B7FD0.d.6113DA884D9309DD46F673407DE3D826.e.366")>}
2024-08-17 22:57:42,498 - __main__ - INFO - 點擊加號按鈕...
2024-08-17 22:57:42,498 - __main__ - INFO - 點擊加號按鈕...
2024-08-17 22:57:42,498 - __main__ - INFO - 輸入用戶名...
2024-08-17 22:57:42,499 - __main__ - INFO - 輸入密碼...
2024-08-17 22:57:43,997 - __main__ - INFO - 成功點擊加號按鈕
2024-08-17 22:57:44,384 - urllib3.connectionpool - WARNING - Connection pool is full, discarding connection: localhost. Connection pool size: 1
2024-08-17 22:57:44,384 - __main__ - INFO - 成功點擊加號按鈕
2024-08-17 22:57:44,945 - urllib3.connectionpool - WARNING - Connection pool is full, discarding connection: localhost. Connection pool size: 1
2024-08-17 22:57:44,945 - __main__ - INFO - 用戶名輸入完畢
2024-08-17 22:57:46,087 - urllib3.connectionpool - WARNING - Connection pool is full, discarding connection: localhost. Connection pool size: 1
2024-08-17 22:57:46,087 - __main__ - INFO - 密碼輸入完畢
2024-08-17 22:57:46,087 - __main__ - INFO - 處理驗證碼...
2024-08-17 22:57:46,284 - __main__ - ERROR - Failed to download captcha image. HTTP status code: 403
2024-08-17 22:57:46,284 - __main__ - INFO - 添加到購物車...
2024-08-17 22:57:48,006 - __main__ - INFO - 成功添加到購物車
2024-08-17 23:00:26,496 - __main__ - INFO - 開始購票流程...
2024-08-17 23:00:26,498 - WDM - INFO - ====== WebDriver manager ======
2024-08-17 23:00:26,732 - WDM - INFO - Get LATEST chromedriver version for google-chrome
2024-08-17 23:00:26,919 - WDM - INFO - Get LATEST chromedriver version for google-chrome
2024-08-17 23:00:27,082 - WDM - INFO - Driver [/Users/harveychan/.wdm/drivers/chromedriver/mac64/127.0.6533.119/chromedriver-mac-x64/chromedriver] found in cache
2024-08-17 23:01:06,334 - __main__ - INFO - 添加Cookies...
2024-08-17 23:01:08,165 - __main__ - INFO - Cookies添加完畢
2024-08-17 23:01:22,703 - __main__ - INFO - 嘗試點擊 '我要購票' 按鈕...
2024-08-17 23:01:35,655 - __main__ - INFO - 成功點擊 '我要購票' 按鈕
2024-08-17 23:01:35,655 - __main__ - INFO - 嘗試點擊 '立即訂購' 按鈕...
2024-08-17 23:01:52,476 - __main__ - INFO - 成功點擊 '立即訂購' 按鈕
2024-08-17 23:01:52,477 - __main__ - INFO - 選擇電腦配位...
2024-08-17 23:01:53,327 - __main__ - INFO - 成功選擇電腦配位
2024-08-17 23:01:56,563 - __main__ - INFO - 選擇的票： {'區域': '2樓橙210區3480元', '票價': '3,480', '空位': '12', 'element': <selenium.webdriver.remote.webelement.WebElement (session="d459b953de71ae6b7805e19638b542b1", element="f.D4937CFFBB9CEE34CCB5DBB369448B6E.d.432769503BB1CD71C2D0990147830D3C.e.357")>}
2024-08-17 23:02:11,602 - __main__ - INFO - 點擊加號按鈕...
2024-08-17 23:02:11,603 - __main__ - INFO - 點擊加號按鈕...
2024-08-17 23:02:11,603 - __main__ - INFO - 輸入用戶名...
2024-08-17 23:02:11,603 - __main__ - INFO - 輸入密碼...
2024-08-17 23:02:12,568 - __main__ - INFO - 成功點擊加號按鈕
2024-08-17 23:02:12,923 - urllib3.connectionpool - WARNING - Connection pool is full, discarding connection: localhost. Connection pool size: 1
2024-08-17 23:02:12,923 - __main__ - INFO - 成功點擊加號按鈕
2024-08-17 23:02:13,439 - urllib3.connectionpool - WARNING - Connection pool is full, discarding connection: localhost. Connection pool size: 1
2024-08-17 23:02:13,439 - __main__ - INFO - 用戶名輸入完畢
2024-08-17 23:02:14,391 - urllib3.connectionpool - WARNING - Connection pool is full, discarding connection: localhost. Connection pool size: 1
2024-08-17 23:02:14,392 - __main__ - INFO - 密碼輸入完畢
2024-08-17 23:02:14,392 - __main__ - INFO - 處理驗證碼...
2024-08-17 23:02:14,575 - __main__ - INFO - 驗證碼圖片已保存至: captcha.png
2024-08-17 23:02:14,623 - __main__ - ERROR - 處理驗證碼時發生錯誤: cannot identify image file <_io.BytesIO object at 0x13e702c50>
2024-08-17 23:02:14,623 - __main__ - INFO - 添加到購物車...
2024-08-17 23:02:16,051 - __main__ - INFO - 成功添加到購物車
2024-08-17 23:04:28,728 - __main__ - INFO - 開始購票流程...
2024-08-17 23:04:28,728 - WDM - INFO - ====== WebDriver manager ======
2024-08-17 23:04:29,008 - WDM - INFO - Get LATEST chromedriver version for google-chrome
2024-08-17 23:04:29,183 - WDM - INFO - Get LATEST chromedriver version for google-chrome
2024-08-17 23:04:29,366 - WDM - INFO - Driver [/Users/harveychan/.wdm/drivers/chromedriver/mac64/127.0.6533.119/chromedriver-mac-x64/chromedriver] found in cache
2024-08-17 23:05:08,277 - __main__ - INFO - 添加Cookies...
2024-08-17 23:05:09,755 - __main__ - INFO - Cookies添加完畢
2024-08-17 23:05:24,287 - __main__ - INFO - 嘗試點擊 '我要購票' 按鈕...
2024-08-17 23:05:34,761 - __main__ - INFO - 成功點擊 '我要購票' 按鈕
2024-08-17 23:05:34,762 - __main__ - INFO - 嘗試點擊 '立即訂購' 按鈕...
2024-08-17 23:05:51,975 - __main__ - INFO - 成功點擊 '立即訂購' 按鈕
2024-08-17 23:05:51,975 - __main__ - INFO - 選擇電腦配位...
2024-08-17 23:05:54,184 - __main__ - INFO - 成功選擇電腦配位
2024-08-17 23:05:57,507 - __main__ - INFO - 選擇的票： {'區域': '2樓紅217區3080元', '票價': '3,080', '空位': '28', 'element': <selenium.webdriver.remote.webelement.WebElement (session="02727b7e5ce88193d438f4cddb027c59", element="f.ED85FC9ED436D5FC7F56F3419BE9F9D7.d.14B00545E2A09026CCFBD1225A0C79D0.e.423")>}
2024-08-17 23:06:17,399 - __main__ - INFO - 點擊加號按鈕...
2024-08-17 23:06:17,400 - __main__ - INFO - 點擊加號按鈕...
2024-08-17 23:06:17,400 - __main__ - INFO - 輸入用戶名...
2024-08-17 23:06:17,401 - __main__ - INFO - 輸入密碼...
2024-08-17 23:06:18,504 - __main__ - INFO - 成功點擊加號按鈕
2024-08-17 23:06:18,874 - urllib3.connectionpool - WARNING - Connection pool is full, discarding connection: localhost. Connection pool size: 1
2024-08-17 23:06:18,874 - __main__ - INFO - 成功點擊加號按鈕
2024-08-17 23:06:19,391 - urllib3.connectionpool - WARNING - Connection pool is full, discarding connection: localhost. Connection pool size: 1
2024-08-17 23:06:19,392 - __main__ - INFO - 用戶名輸入完畢
2024-08-17 23:06:20,698 - urllib3.connectionpool - WARNING - Connection pool is full, discarding connection: localhost. Connection pool size: 1
2024-08-17 23:06:20,698 - __main__ - INFO - 密碼輸入完畢
2024-08-17 23:06:20,698 - __main__ - INFO - 處理驗證碼...
2024-08-17 23:06:21,112 - __main__ - INFO - 驗證碼圖片已保存至: captcha.png
2024-08-17 23:06:21,154 - __main__ - ERROR - Failed to recognize the captcha.
2024-08-17 23:06:21,364 - __main__ - INFO - 驗證碼處理完畢，輸入: 
2024-08-17 23:06:21,365 - __main__ - INFO - 添加到購物車...
2024-08-17 23:06:22,666 - __main__ - INFO - 成功添加到購物車
2024-08-17 23:08:41,767 - __main__ - INFO - 開始購票流程...
2024-08-17 23:08:41,768 - WDM - INFO - ====== WebDriver manager ======
2024-08-17 23:08:42,013 - WDM - INFO - Get LATEST chromedriver version for google-chrome
2024-08-17 23:08:42,197 - WDM - INFO - Get LATEST chromedriver version for google-chrome
2024-08-17 23:08:42,379 - WDM - INFO - Driver [/Users/harveychan/.wdm/drivers/chromedriver/mac64/127.0.6533.119/chromedriver-mac-x64/chromedriver] found in cache
2024-08-17 23:09:22,497 - __main__ - INFO - 添加Cookies...
2024-08-17 23:09:23,837 - __main__ - INFO - Cookies添加完畢
2024-08-17 23:09:38,877 - __main__ - INFO - 嘗試點擊 '我要購票' 按鈕...
2024-08-17 23:09:52,491 - __main__ - INFO - 成功點擊 '我要購票' 按鈕
2024-08-17 23:09:52,493 - __main__ - INFO - 嘗試點擊 '立即訂購' 按鈕...
2024-08-17 23:10:04,755 - __main__ - INFO - 成功點擊 '立即訂購' 按鈕
2024-08-17 23:10:04,755 - __main__ - INFO - 選擇電腦配位...
2024-08-17 23:10:06,573 - __main__ - INFO - 成功選擇電腦配位
2024-08-17 23:10:09,564 - __main__ - INFO - 選擇的票： {'區域': '2樓橙208區3080元', '票價': '3,080', '空位': '22', 'element': <selenium.webdriver.remote.webelement.WebElement (session="a4605f41e96c2bb5c82a77b71ced280f", element="f.0A2903B93B75AA63A482E4D3E1B3882E.d.3640B6B53EEFB1E3E122064C25E9A8ED.e.412")>}
2024-08-17 23:10:25,173 - __main__ - INFO - 點擊加號按鈕...
2024-08-17 23:10:25,173 - __main__ - INFO - 點擊加號按鈕...
2024-08-17 23:10:25,173 - __main__ - INFO - 輸入用戶名...
2024-08-17 23:10:25,174 - __main__ - INFO - 輸入密碼...
2024-08-17 23:10:26,672 - __main__ - INFO - 成功點擊加號按鈕
2024-08-17 23:10:26,919 - urllib3.connectionpool - WARNING - Connection pool is full, discarding connection: localhost. Connection pool size: 1
2024-08-17 23:10:26,919 - __main__ - INFO - 成功點擊加號按鈕
2024-08-17 23:10:27,439 - urllib3.connectionpool - WARNING - Connection pool is full, discarding connection: localhost. Connection pool size: 1
2024-08-17 23:10:27,440 - __main__ - INFO - 用戶名輸入完畢
2024-08-17 23:10:29,034 - urllib3.connectionpool - WARNING - Connection pool is full, discarding connection: localhost. Connection pool size: 1
2024-08-17 23:10:29,034 - __main__ - INFO - 密碼輸入完畢
2024-08-17 23:10:29,034 - __main__ - INFO - 處理驗證碼...
2024-08-17 23:10:29,615 - __main__ - INFO - 驗證碼圖片已保存至: captcha.png
2024-08-17 23:10:29,831 - __main__ - INFO - 驗證碼處理完畢，輸入: N
2024-08-17 23:10:29,831 - __main__ - INFO - 添加到購物車...
2024-08-17 23:10:33,960 - __main__ - INFO - 成功添加到購物車
2024-08-17 23:18:50,600 - __main__ - INFO - 開始購票流程...
2024-08-17 23:18:50,602 - WDM - INFO - ====== WebDriver manager ======
2024-08-17 23:18:50,879 - WDM - INFO - Get LATEST chromedriver version for google-chrome
2024-08-17 23:18:51,065 - WDM - INFO - Get LATEST chromedriver version for google-chrome
2024-08-17 23:18:51,244 - WDM - INFO - Driver [/Users/harveychan/.wdm/drivers/chromedriver/mac64/127.0.6533.119/chromedriver-mac-x64/chromedriver] found in cache
2024-08-17 23:19:34,135 - __main__ - INFO - 添加Cookies...
2024-08-17 23:19:35,653 - __main__ - INFO - Cookies添加完畢
2024-08-17 23:19:52,431 - __main__ - INFO - 嘗試點擊 '我要購票' 按鈕...
2024-08-17 23:20:06,317 - __main__ - INFO - 成功點擊 '我要購票' 按鈕
2024-08-17 23:20:06,318 - __main__ - INFO - 嘗試點擊 '立即訂購' 按鈕...
2024-08-17 23:20:18,910 - __main__ - INFO - 成功點擊 '立即訂購' 按鈕
2024-08-17 23:20:18,911 - __main__ - INFO - 選擇電腦配位...
2024-08-17 23:20:21,129 - __main__ - INFO - 成功選擇電腦配位
2024-08-17 23:20:26,694 - __main__ - INFO - 選擇的票： {'區域': '2樓橙207區3880元', '票價': '3,880', '空位': '7', 'element': <selenium.webdriver.remote.webelement.WebElement (session="9621ce763bb57fcee2f74344b39509e1", element="f.7D010E961402D72852362FDA10C4C744.d.2AF512AC7FA23250116D6787594C9611.e.347")>}
2024-08-17 23:21:28,584 - __main__ - INFO - 點擊加號按鈕...
2024-08-17 23:21:28,586 - __main__ - INFO - 點擊加號按鈕...
2024-08-17 23:21:28,590 - __main__ - INFO - 輸入用戶名...
2024-08-17 23:21:28,593 - __main__ - INFO - 輸入密碼...
2024-08-17 23:21:32,356 - __main__ - INFO - 成功點擊加號按鈕
2024-08-17 23:21:32,934 - urllib3.connectionpool - WARNING - Connection pool is full, discarding connection: localhost. Connection pool size: 1
2024-08-17 23:21:32,935 - __main__ - INFO - 成功點擊加號按鈕
2024-08-17 23:21:34,411 - urllib3.connectionpool - WARNING - Connection pool is full, discarding connection: localhost. Connection pool size: 1
2024-08-17 23:21:34,412 - __main__ - INFO - 用戶名輸入完畢
2024-08-17 23:21:35,742 - urllib3.connectionpool - WARNING - Connection pool is full, discarding connection: localhost. Connection pool size: 1
2024-08-17 23:21:35,742 - __main__ - INFO - 密碼輸入完畢
2024-08-17 23:21:35,742 - __main__ - INFO - 处理验证码...
2024-08-17 23:21:35,900 - __main__ - INFO - 验证码处理完毕，输入: FN3g
2024-08-17 23:21:36,141 - __main__ - INFO - 添加到購物車...
2024-08-17 23:21:41,851 - __main__ - INFO - 成功添加到購物車
2024-08-17 23:57:08,477 - __main__ - INFO - Starting ticket booking process...
2024-08-17 23:57:08,480 - WDM - INFO - ====== WebDriver manager ======
2024-08-17 23:57:09,328 - WDM - INFO - Get LATEST chromedriver version for google-chrome
2024-08-17 23:57:09,648 - WDM - INFO - Get LATEST chromedriver version for google-chrome
2024-08-17 23:57:09,889 - WDM - INFO - Driver [/Users/harveychan/.wdm/drivers/chromedriver/mac64/127.0.6533.119/chromedriver-mac-x64/chromedriver] found in cache
2024-08-17 23:57:55,983 - __main__ - INFO - Attempting to click 'Buy Ticket' button...
2024-08-17 23:58:23,752 - __main__ - INFO - Successfully clicked 'Buy Ticket' button.
2024-08-17 23:58:23,753 - __main__ - INFO - Attempting to click 'Book Now' button...
2024-08-17 23:58:41,635 - __main__ - INFO - Successfully clicked 'Book Now' button.
2024-08-17 23:58:41,635 - __main__ - INFO - Selecting 'Computer Seat Assignment'...
2024-08-17 23:58:42,548 - __main__ - INFO - Successfully selected 'Computer Seat Assignment'.
2024-08-17 23:58:47,670 - __main__ - INFO - Selected ticket: {'Area': '2樓橙210區3080元', 'Price': '3,080', 'Seats': '27', 'Element': <selenium.webdriver.remote.webelement.WebElement (session="50f615b3f918eb5d8896947b5c389a55", element="f.10A5E232F78A952064BDCEE0FDBEAA14.d.33B7FD7F3D2D820F1EA1DACED355F752.e.323")>}
2024-08-17 23:59:33,475 - __main__ - INFO - Clicking plus button...
2024-08-17 23:59:33,476 - __main__ - INFO - Clicking plus button...
2024-08-17 23:59:33,478 - __main__ - INFO - Entering username...
2024-08-17 23:59:33,480 - __main__ - INFO - Entering password...
2024-08-17 23:59:36,563 - __main__ - INFO - Successfully clicked plus button.
2024-08-17 23:59:37,469 - urllib3.connectionpool - WARNING - Connection pool is full, discarding connection: localhost. Connection pool size: 1
2024-08-17 23:59:37,470 - __main__ - INFO - Username entered successfully.
2024-08-17 23:59:38,686 - urllib3.connectionpool - WARNING - Connection pool is full, discarding connection: localhost. Connection pool size: 1
2024-08-17 23:59:38,687 - __main__ - INFO - Successfully clicked plus button.
2024-08-17 23:59:39,209 - urllib3.connectionpool - WARNING - Connection pool is full, discarding connection: localhost. Connection pool size: 1
2024-08-17 23:59:39,210 - __main__ - INFO - Password entered successfully.
2024-08-17 23:59:39,210 - __main__ - INFO - Processing captcha...
2024-08-17 23:59:39,355 - __main__ - INFO - Captcha processed successfully, input: Mb8s
2024-08-17 23:59:39,594 - __main__ - INFO - Adding to shopping cart...
2024-08-17 23:59:41,935 - __main__ - INFO - Successfully added to shopping cart.
2024-08-18 00:05:50,152 - __main__ - INFO - Starting ticket booking process...
2024-08-18 00:06:58,908 - __main__ - INFO - Starting ticket booking process...
2024-08-18 00:07:10,142 - __main__ - INFO - Attempting to click 'Buy Ticket' button...
2024-08-18 00:07:10,328 - __main__ - INFO - Successfully clicked 'Buy Ticket' button.
2024-08-18 00:07:10,328 - __main__ - INFO - Attempting to click 'Book Now' button...
2024-08-18 00:07:11,061 - __main__ - INFO - Successfully clicked 'Book Now' button.
2024-08-18 00:07:11,061 - __main__ - INFO - Selecting 'Computer Seat Assignment'...
2024-08-18 00:07:11,389 - __main__ - INFO - Successfully selected 'Computer Seat Assignment'.
2024-08-18 00:07:12,545 - __main__ - INFO - Selected ticket: {'Area': '2樓橙207區4280元', 'Price': '4,280', 'Seats': '8', 'Element': <JSHandle preview=JSHandle@<tr rel="a16" id="P0KZ7F4Y" class="status_tr">…</tr>>}
2024-08-18 00:07:12,911 - __main__ - INFO - Clicking plus button...
2024-08-18 00:07:12,912 - __main__ - INFO - Clicking plus button...
2024-08-18 00:07:12,912 - __main__ - INFO - Entering username...
2024-08-18 00:07:12,912 - __main__ - INFO - Entering password...
2024-08-18 00:07:12,965 - __main__ - INFO - Processing captcha...
2024-08-18 00:07:13,346 - asyncio - ERROR - Exception in callback SyncBase._sync.<locals>.<lambda>(<Task cancell..._page.py:763>>) at /usr/local/lib/python3.11/site-packages/playwright/_impl/_sync_base.py:111
handle: <Handle SyncBase._sync.<locals>.<lambda>(<Task cancell..._page.py:763>>) at /usr/local/lib/python3.11/site-packages/playwright/_impl/_sync_base.py:111>
Traceback (most recent call last):
  File "/Users/harveychan/Documents/文件 - 詹竣珷的MacBook Pro/spider/kham_spider_ticket_pw.py", line 163, in main
    process_captcha(page, ocr)
  File "/Users/harveychan/Documents/文件 - 詹竣珷的MacBook Pro/spider/kham_spider_ticket_pw.py", line 76, in process_captcha
    image_data = page.evaluate("""
                 ^^^^^^^^^^^^^^^^^
  File "/usr/local/lib/python3.11/site-packages/playwright/sync_api/_generated.py", line 8350, in evaluate
    self._sync(
  File "/usr/local/lib/python3.11/site-packages/playwright/_impl/_sync_base.py", line 115, in _sync
    return task.result()
           ^^^^^^^^^^^^^
  File "/usr/local/lib/python3.11/site-packages/playwright/_impl/_page.py", line 440, in evaluate
    return await self._main_frame.evaluate(expression, arg)
           ^^^^^^^^^^^^^^^^^^^^^^^^^^^^^^^^^^^^^^^^^^^^^^^^
  File "/usr/local/lib/python3.11/site-packages/playwright/_impl/_frame.py", line 278, in evaluate
    await self._channel.send(
  File "/usr/local/lib/python3.11/site-packages/playwright/_impl/_connection.py", line 59, in send
    return await self._connection.wrap_api_call(
           ^^^^^^^^^^^^^^^^^^^^^^^^^^^^^^^^^^^^^
  File "/usr/local/lib/python3.11/site-packages/playwright/_impl/_connection.py", line 514, in wrap_api_call
    raise rewrite_error(error, f"{parsed_st['apiName']}: {error}") from None
playwright._impl._errors.Error: Page.evaluate: SyntaxError: Unexpected token 'return'
    at eval (<anonymous>)
    at UtilityScript.evaluate (<anonymous>:234:30)
    at UtilityScript.<anonymous> (<anonymous>:1:44)

During handling of the above exception, another exception occurred:

Traceback (most recent call last):
  File "/usr/local/Cellar/python@3.11/3.11.4_1/Frameworks/Python.framework/Versions/3.11/lib/python3.11/asyncio/events.py", line 80, in _run
    self._context.run(self._callback, *self._args)
  File "/usr/local/lib/python3.11/site-packages/playwright/_impl/_sync_base.py", line 111, in <lambda>
    task.add_done_callback(lambda _: g_self.switch())
                                     ^^^^^^^^^^^^^^^
greenlet.error: cannot switch to a different thread (which happens to have exited)
2024-08-18 00:07:13,349 - asyncio - ERROR - Exception in callback SyncBase._sync.<locals>.<lambda>(<Task cancell..._page.py:763>>) at /usr/local/lib/python3.11/site-packages/playwright/_impl/_sync_base.py:111
handle: <Handle SyncBase._sync.<locals>.<lambda>(<Task cancell..._page.py:763>>) at /usr/local/lib/python3.11/site-packages/playwright/_impl/_sync_base.py:111>
Traceback (most recent call last):
  File "/Users/harveychan/Documents/文件 - 詹竣珷的MacBook Pro/spider/kham_spider_ticket_pw.py", line 163, in main
    process_captcha(page, ocr)
  File "/Users/harveychan/Documents/文件 - 詹竣珷的MacBook Pro/spider/kham_spider_ticket_pw.py", line 76, in process_captcha
    image_data = page.evaluate("""
                 ^^^^^^^^^^^^^^^^^
  File "/usr/local/lib/python3.11/site-packages/playwright/sync_api/_generated.py", line 8350, in evaluate
    self._sync(
  File "/usr/local/lib/python3.11/site-packages/playwright/_impl/_sync_base.py", line 115, in _sync
    return task.result()
           ^^^^^^^^^^^^^
  File "/usr/local/lib/python3.11/site-packages/playwright/_impl/_page.py", line 440, in evaluate
    return await self._main_frame.evaluate(expression, arg)
           ^^^^^^^^^^^^^^^^^^^^^^^^^^^^^^^^^^^^^^^^^^^^^^^^
  File "/usr/local/lib/python3.11/site-packages/playwright/_impl/_frame.py", line 278, in evaluate
    await self._channel.send(
  File "/usr/local/lib/python3.11/site-packages/playwright/_impl/_connection.py", line 59, in send
    return await self._connection.wrap_api_call(
           ^^^^^^^^^^^^^^^^^^^^^^^^^^^^^^^^^^^^^
  File "/usr/local/lib/python3.11/site-packages/playwright/_impl/_connection.py", line 514, in wrap_api_call
    raise rewrite_error(error, f"{parsed_st['apiName']}: {error}") from None
playwright._impl._errors.Error: Page.evaluate: SyntaxError: Unexpected token 'return'
    at eval (<anonymous>)
    at UtilityScript.evaluate (<anonymous>:234:30)
    at UtilityScript.<anonymous> (<anonymous>:1:44)

During handling of the above exception, another exception occurred:

Traceback (most recent call last):
  File "/usr/local/Cellar/python@3.11/3.11.4_1/Frameworks/Python.framework/Versions/3.11/lib/python3.11/asyncio/events.py", line 80, in _run
    self._context.run(self._callback, *self._args)
  File "/usr/local/lib/python3.11/site-packages/playwright/_impl/_sync_base.py", line 111, in <lambda>
    task.add_done_callback(lambda _: g_self.switch())
                                     ^^^^^^^^^^^^^^^
greenlet.error: cannot switch to a different thread (which happens to have exited)
2024-08-18 00:07:13,349 - asyncio - ERROR - Exception in callback SyncBase._sync.<locals>.<lambda>(<Task cancell..._page.py:807>>) at /usr/local/lib/python3.11/site-packages/playwright/_impl/_sync_base.py:111
handle: <Handle SyncBase._sync.<locals>.<lambda>(<Task cancell..._page.py:807>>) at /usr/local/lib/python3.11/site-packages/playwright/_impl/_sync_base.py:111>
Traceback (most recent call last):
  File "/Users/harveychan/Documents/文件 - 詹竣珷的MacBook Pro/spider/kham_spider_ticket_pw.py", line 163, in main
    process_captcha(page, ocr)
  File "/Users/harveychan/Documents/文件 - 詹竣珷的MacBook Pro/spider/kham_spider_ticket_pw.py", line 76, in process_captcha
    image_data = page.evaluate("""
                 ^^^^^^^^^^^^^^^^^
  File "/usr/local/lib/python3.11/site-packages/playwright/sync_api/_generated.py", line 8350, in evaluate
    self._sync(
  File "/usr/local/lib/python3.11/site-packages/playwright/_impl/_sync_base.py", line 115, in _sync
    return task.result()
           ^^^^^^^^^^^^^
  File "/usr/local/lib/python3.11/site-packages/playwright/_impl/_page.py", line 440, in evaluate
    return await self._main_frame.evaluate(expression, arg)
           ^^^^^^^^^^^^^^^^^^^^^^^^^^^^^^^^^^^^^^^^^^^^^^^^
  File "/usr/local/lib/python3.11/site-packages/playwright/_impl/_frame.py", line 278, in evaluate
    await self._channel.send(
  File "/usr/local/lib/python3.11/site-packages/playwright/_impl/_connection.py", line 59, in send
    return await self._connection.wrap_api_call(
           ^^^^^^^^^^^^^^^^^^^^^^^^^^^^^^^^^^^^^
  File "/usr/local/lib/python3.11/site-packages/playwright/_impl/_connection.py", line 514, in wrap_api_call
    raise rewrite_error(error, f"{parsed_st['apiName']}: {error}") from None
playwright._impl._errors.Error: Page.evaluate: SyntaxError: Unexpected token 'return'
    at eval (<anonymous>)
    at UtilityScript.evaluate (<anonymous>:234:30)
    at UtilityScript.<anonymous> (<anonymous>:1:44)

During handling of the above exception, another exception occurred:

Traceback (most recent call last):
  File "/usr/local/Cellar/python@3.11/3.11.4_1/Frameworks/Python.framework/Versions/3.11/lib/python3.11/asyncio/events.py", line 80, in _run
    self._context.run(self._callback, *self._args)
  File "/usr/local/lib/python3.11/site-packages/playwright/_impl/_sync_base.py", line 111, in <lambda>
    task.add_done_callback(lambda _: g_self.switch())
                                     ^^^^^^^^^^^^^^^
greenlet.error: cannot switch to a different thread (which happens to have exited)
2024-08-18 00:07:13,350 - asyncio - ERROR - Exception in callback SyncBase._sync.<locals>.<lambda>(<Task cancell..._page.py:807>>) at /usr/local/lib/python3.11/site-packages/playwright/_impl/_sync_base.py:111
handle: <Handle SyncBase._sync.<locals>.<lambda>(<Task cancell..._page.py:807>>) at /usr/local/lib/python3.11/site-packages/playwright/_impl/_sync_base.py:111>
Traceback (most recent call last):
  File "/Users/harveychan/Documents/文件 - 詹竣珷的MacBook Pro/spider/kham_spider_ticket_pw.py", line 163, in main
    process_captcha(page, ocr)
  File "/Users/harveychan/Documents/文件 - 詹竣珷的MacBook Pro/spider/kham_spider_ticket_pw.py", line 76, in process_captcha
    image_data = page.evaluate("""
                 ^^^^^^^^^^^^^^^^^
  File "/usr/local/lib/python3.11/site-packages/playwright/sync_api/_generated.py", line 8350, in evaluate
    self._sync(
  File "/usr/local/lib/python3.11/site-packages/playwright/_impl/_sync_base.py", line 115, in _sync
    return task.result()
           ^^^^^^^^^^^^^
  File "/usr/local/lib/python3.11/site-packages/playwright/_impl/_page.py", line 440, in evaluate
    return await self._main_frame.evaluate(expression, arg)
           ^^^^^^^^^^^^^^^^^^^^^^^^^^^^^^^^^^^^^^^^^^^^^^^^
  File "/usr/local/lib/python3.11/site-packages/playwright/_impl/_frame.py", line 278, in evaluate
    await self._channel.send(
  File "/usr/local/lib/python3.11/site-packages/playwright/_impl/_connection.py", line 59, in send
    return await self._connection.wrap_api_call(
           ^^^^^^^^^^^^^^^^^^^^^^^^^^^^^^^^^^^^^
  File "/usr/local/lib/python3.11/site-packages/playwright/_impl/_connection.py", line 514, in wrap_api_call
    raise rewrite_error(error, f"{parsed_st['apiName']}: {error}") from None
playwright._impl._errors.Error: Page.evaluate: SyntaxError: Unexpected token 'return'
    at eval (<anonymous>)
    at UtilityScript.evaluate (<anonymous>:234:30)
    at UtilityScript.<anonymous> (<anonymous>:1:44)

During handling of the above exception, another exception occurred:

Traceback (most recent call last):
  File "/usr/local/Cellar/python@3.11/3.11.4_1/Frameworks/Python.framework/Versions/3.11/lib/python3.11/asyncio/events.py", line 80, in _run
    self._context.run(self._callback, *self._args)
  File "/usr/local/lib/python3.11/site-packages/playwright/_impl/_sync_base.py", line 111, in <lambda>
    task.add_done_callback(lambda _: g_self.switch())
                                     ^^^^^^^^^^^^^^^
greenlet.error: cannot switch to a different thread (which happens to have exited)
2024-08-18 00:07:13,366 - asyncio - ERROR - Future exception was never retrieved
future: <Future finished exception=TargetClosedError('Target page, context or browser has been closed')>
playwright._impl._errors.TargetClosedError: Target page, context or browser has been closed
2024-08-18 00:07:13,367 - asyncio - ERROR - Future exception was never retrieved
future: <Future finished exception=TargetClosedError('Target page, context or browser has been closed')>
playwright._impl._errors.TargetClosedError: Target page, context or browser has been closed
2024-08-18 00:07:13,367 - asyncio - ERROR - Future exception was never retrieved
future: <Future finished exception=TargetClosedError('Target page, context or browser has been closed')>
playwright._impl._errors.TargetClosedError: Target page, context or browser has been closed
2024-08-18 00:07:13,367 - asyncio - ERROR - Future exception was never retrieved
future: <Future finished exception=TargetClosedError('Target page, context or browser has been closed')>
playwright._impl._errors.TargetClosedError: Target page, context or browser has been closed
2024-08-18 00:09:46,056 - __main__ - INFO - Starting ticket booking process...
2024-08-18 00:09:51,623 - __main__ - INFO - Attempting to click 'Buy Ticket' button...
2024-08-18 00:09:51,717 - __main__ - INFO - Successfully clicked 'Buy Ticket' button.
2024-08-18 00:09:51,717 - __main__ - INFO - Attempting to click 'Book Now' button...
2024-08-18 00:09:52,396 - __main__ - INFO - Successfully clicked 'Book Now' button.
2024-08-18 00:09:52,396 - __main__ - INFO - Selecting 'Computer Seat Assignment'...
2024-08-18 00:09:52,653 - __main__ - INFO - Successfully selected 'Computer Seat Assignment'.
2024-08-18 00:09:53,491 - __main__ - INFO - Selected ticket: {'Area': '2樓綠212區3480元', 'Price': '3,480', 'Seats': '39', 'Element': <JSHandle preview=JSHandle@<tr rel="a123" id="P0KZ7F9Y" class="status_tr">…</tr>>}
2024-08-18 00:10:56,077 - __main__ - INFO - Starting ticket booking process...
2024-08-18 00:11:00,709 - __main__ - INFO - Attempting to click 'Buy Ticket' button...
2024-08-18 00:11:00,946 - __main__ - INFO - Successfully clicked 'Buy Ticket' button.
2024-08-18 00:11:00,947 - __main__ - INFO - Attempting to click 'Book Now' button...
2024-08-18 00:11:01,433 - __main__ - INFO - Successfully clicked 'Book Now' button.
2024-08-18 00:11:01,433 - __main__ - INFO - Selecting 'Computer Seat Assignment'...
2024-08-18 00:11:01,686 - __main__ - INFO - Successfully selected 'Computer Seat Assignment'.
2024-08-18 00:11:02,516 - __main__ - INFO - Selected ticket: {'Area': '4樓綠406區2680元', 'Price': '2,680', 'Seats': '5', 'Element': <JSHandle preview=JSHandle@<tr id="P0KZ7F9O" rel="a125 a127" class="status_tr">…</tr>>}
2024-08-18 00:11:02,937 - __main__ - INFO - Clicking plus button...
2024-08-18 00:11:03,193 - __main__ - INFO - Successfully clicked plus button.
2024-08-18 00:11:03,194 - __main__ - INFO - Clicking plus button...
2024-08-18 00:11:03,230 - __main__ - INFO - Successfully clicked plus button.
2024-08-18 00:11:03,230 - __main__ - INFO - Entering username...
2024-08-18 00:11:03,236 - __main__ - INFO - Username entered successfully.
2024-08-18 00:11:03,236 - __main__ - INFO - Entering password...
2024-08-18 00:11:03,246 - __main__ - INFO - Password entered successfully.
2024-08-18 00:11:03,246 - __main__ - INFO - Processing captcha...
2024-08-18 00:11:51,238 - __main__ - INFO - Starting ticket booking process...
2024-08-18 00:11:58,414 - __main__ - INFO - Attempting to click 'Buy Ticket' button...
2024-08-18 00:11:58,538 - __main__ - INFO - Successfully clicked 'Buy Ticket' button.
2024-08-18 00:11:58,538 - __main__ - INFO - Attempting to click 'Book Now' button...
2024-08-18 00:12:00,313 - __main__ - INFO - Successfully clicked 'Book Now' button.
2024-08-18 00:12:00,314 - __main__ - INFO - Selecting 'Computer Seat Assignment'...
2024-08-18 00:12:00,555 - __main__ - INFO - Successfully selected 'Computer Seat Assignment'.
2024-08-18 00:12:01,465 - __main__ - INFO - Selected ticket: {'Area': '2樓綠215區3480元', 'Price': '3,480', 'Seats': '23', 'Element': <JSHandle preview=JSHandle@<tr rel="a119" id="P0KZ7F9E" class="status_tr">…</tr>>}
2024-08-18 00:12:01,661 - __main__ - INFO - Clicking plus button...
2024-08-18 00:12:01,866 - __main__ - INFO - Successfully clicked plus button.
2024-08-18 00:12:01,866 - __main__ - INFO - Clicking plus button...
2024-08-18 00:12:01,895 - __main__ - INFO - Successfully clicked plus button.
2024-08-18 00:12:01,895 - __main__ - INFO - Entering username...
2024-08-18 00:12:01,901 - __main__ - INFO - Username entered successfully.
2024-08-18 00:12:01,901 - __main__ - INFO - Entering password...
2024-08-18 00:12:01,911 - __main__ - INFO - Password entered successfully.
2024-08-18 00:12:01,911 - __main__ - INFO - Processing captcha...
2024-08-18 00:12:02,359 - __main__ - INFO - Captcha processed successfully, input: ak8s
2024-08-18 00:12:02,366 - __main__ - INFO - Adding to shopping cart...
2024-08-18 00:12:02,414 - __main__ - INFO - Successfully added to shopping cart.
2024-08-18 00:12:15,922 - __main__ - INFO - Starting ticket booking process...
2024-08-18 00:12:20,400 - __main__ - INFO - Attempting to click 'Buy Ticket' button...
2024-08-18 00:12:20,477 - __main__ - INFO - Successfully clicked 'Buy Ticket' button.
2024-08-18 00:12:20,477 - __main__ - INFO - Attempting to click 'Book Now' button...
2024-08-18 00:12:21,125 - __main__ - INFO - Successfully clicked 'Book Now' button.
2024-08-18 00:12:21,125 - __main__ - INFO - Selecting 'Computer Seat Assignment'...
2024-08-18 00:12:21,375 - __main__ - INFO - Successfully selected 'Computer Seat Assignment'.
2024-08-18 00:12:22,223 - __main__ - INFO - Selected ticket: {'Area': '2樓綠215區3480元', 'Price': '3,480', 'Seats': '23', 'Element': <JSHandle preview=JSHandle@<tr rel="a119" id="P0KZ7F9E" class="status_tr">…</tr>>}
2024-08-18 00:12:22,339 - __main__ - INFO - Clicking plus button...
2024-08-18 00:12:22,553 - __main__ - INFO - Successfully clicked plus button.
2024-08-18 00:12:22,553 - __main__ - INFO - Clicking plus button...
2024-08-18 00:12:22,610 - __main__ - INFO - Successfully clicked plus button.
2024-08-18 00:12:22,611 - __main__ - INFO - Entering username...
2024-08-18 00:12:22,616 - __main__ - INFO - Username entered successfully.
2024-08-18 00:12:22,616 - __main__ - INFO - Entering password...
2024-08-18 00:12:22,626 - __main__ - INFO - Password entered successfully.
2024-08-18 00:12:22,627 - __main__ - INFO - Processing captcha...
2024-08-18 00:12:22,704 - __main__ - INFO - Captcha processed successfully, input: mdg8
2024-08-18 00:12:22,712 - __main__ - INFO - Adding to shopping cart...
2024-08-18 00:12:22,761 - __main__ - INFO - Successfully added to shopping cart.
2024-08-18 00:27:39,275 - __main__ - INFO - Starting ticket booking process...
2024-08-18 00:27:44,430 - __main__ - INFO - Attempting to click 'Buy Ticket' button...
2024-08-18 00:27:44,571 - __main__ - INFO - Successfully clicked 'Buy Ticket' button.
2024-08-18 00:27:44,571 - __main__ - INFO - Attempting to click 'Book Now' button...
2024-08-18 00:27:45,163 - __main__ - INFO - Successfully clicked 'Book Now' button.
2024-08-18 00:27:45,164 - __main__ - INFO - Selecting 'Computer Seat Assignment'...
2024-08-18 00:27:45,416 - __main__ - INFO - Successfully selected 'Computer Seat Assignment'.
2024-08-18 00:27:46,214 - __main__ - INFO - Selected ticket: {'Area': '2樓綠214區3880元', 'Price': '3,880', 'Seats': '10', 'Element': <JSHandle preview=JSHandle@<tr id="P0KZ7F8I" rel="a116 a118" class="status_tr">…</tr>>}
2024-08-18 00:27:46,386 - __main__ - INFO - Clicking plus button...
2024-08-18 00:27:46,595 - __main__ - INFO - Successfully clicked plus button.
2024-08-18 00:27:46,595 - __main__ - INFO - Clicking plus button...
2024-08-18 00:27:46,634 - __main__ - INFO - Successfully clicked plus button.
2024-08-18 00:27:46,634 - __main__ - INFO - Entering username...
2024-08-18 00:27:46,641 - __main__ - INFO - Username entered successfully.
2024-08-18 00:27:46,641 - __main__ - INFO - Entering password...
2024-08-18 00:27:46,654 - __main__ - INFO - Password entered successfully.
2024-08-18 00:27:46,654 - __main__ - INFO - Processing captcha...
2024-08-18 00:27:46,727 - __main__ - INFO - Captcha processed successfully, input: x8m6
2024-08-18 00:27:46,741 - __main__ - INFO - Adding to shopping cart...
2024-08-18 00:27:46,786 - __main__ - INFO - Successfully added to shopping cart.
2024-08-18 00:27:46,786 - __main__ - INFO - Select get ticket from 7-11
2024-08-18 00:27:51,635 - asyncio - ERROR - Future exception was never retrieved
future: <Future finished exception=TargetClosedError('Target page, context or browser has been closed')>
playwright._impl._errors.TargetClosedError: Target page, context or browser has been closed
2024-08-18 00:28:00,959 - __main__ - INFO - Starting ticket booking process...
2024-08-18 00:28:07,173 - __main__ - INFO - Attempting to click 'Buy Ticket' button...
2024-08-18 00:28:07,308 - __main__ - INFO - Successfully clicked 'Buy Ticket' button.
2024-08-18 00:28:07,308 - __main__ - INFO - Attempting to click 'Book Now' button...
2024-08-18 00:28:07,985 - __main__ - INFO - Successfully clicked 'Book Now' button.
2024-08-18 00:28:07,985 - __main__ - INFO - Selecting 'Computer Seat Assignment'...
2024-08-18 00:28:08,257 - __main__ - INFO - Successfully selected 'Computer Seat Assignment'.
2024-08-18 00:28:09,000 - __main__ - INFO - Selected ticket: {'Area': '2樓綠215區3480元', 'Price': '3,480', 'Seats': '23', 'Element': <JSHandle preview=JSHandle@<tr rel="a119" id="P0KZ7F9E" class="status_tr">…</tr>>}
2024-08-18 00:28:09,106 - __main__ - INFO - Clicking plus button...
2024-08-18 00:28:09,322 - __main__ - INFO - Successfully clicked plus button.
2024-08-18 00:28:09,322 - __main__ - INFO - Clicking plus button...
2024-08-18 00:28:09,383 - __main__ - INFO - Successfully clicked plus button.
2024-08-18 00:28:09,384 - __main__ - INFO - Entering username...
2024-08-18 00:28:09,389 - __main__ - INFO - Username entered successfully.
2024-08-18 00:28:09,389 - __main__ - INFO - Entering password...
2024-08-18 00:28:09,400 - __main__ - INFO - Password entered successfully.
2024-08-18 00:28:09,400 - __main__ - INFO - Processing captcha...
2024-08-18 00:28:09,473 - __main__ - INFO - Captcha processed successfully, input: 4fk2
2024-08-18 00:28:09,485 - __main__ - INFO - Adding to shopping cart...
2024-08-18 00:28:09,562 - __main__ - INFO - Successfully added to shopping cart.
2024-08-18 00:28:09,562 - __main__ - INFO - Select get ticket from 7-11
2024-08-18 00:28:31,934 - asyncio - ERROR - Future exception was never retrieved
future: <Future finished exception=TargetClosedError('Target page, context or browser has been closed')>
playwright._impl._errors.TargetClosedError: Target page, context or browser has been closed
2024-08-18 00:28:34,158 - __main__ - INFO - Starting ticket booking process...
2024-08-18 00:28:38,955 - __main__ - INFO - Attempting to click 'Buy Ticket' button...
2024-08-18 00:28:39,085 - __main__ - INFO - Successfully clicked 'Buy Ticket' button.
2024-08-18 00:28:39,085 - __main__ - INFO - Attempting to click 'Book Now' button...
2024-08-18 00:28:39,704 - __main__ - INFO - Successfully clicked 'Book Now' button.
2024-08-18 00:28:39,704 - __main__ - INFO - Selecting 'Computer Seat Assignment'...
2024-08-18 00:28:39,977 - __main__ - INFO - Successfully selected 'Computer Seat Assignment'.
2024-08-18 00:28:40,720 - __main__ - INFO - Selected ticket: {'Area': '2樓橙208區3080元', 'Price': '3,080', 'Seats': '22', 'Element': <JSHandle preview=JSHandle@<tr rel="a40" id="P0KZ7F4U" class="status_tr">…</tr>>}
2024-08-18 00:28:40,848 - __main__ - INFO - Clicking plus button...
2024-08-18 00:28:41,060 - __main__ - INFO - Successfully clicked plus button.
2024-08-18 00:28:41,060 - __main__ - INFO - Clicking plus button...
2024-08-18 00:28:41,084 - __main__ - INFO - Successfully clicked plus button.
2024-08-18 00:28:41,084 - __main__ - INFO - Entering username...
2024-08-18 00:28:41,089 - __main__ - INFO - Username entered successfully.
2024-08-18 00:28:41,090 - __main__ - INFO - Entering password...
2024-08-18 00:28:41,099 - __main__ - INFO - Password entered successfully.
2024-08-18 00:28:41,100 - __main__ - INFO - Processing captcha...
2024-08-18 00:28:41,158 - __main__ - INFO - Captcha processed successfully, input: 38ng
2024-08-18 00:28:41,173 - __main__ - INFO - Adding to shopping cart...
2024-08-18 00:28:41,219 - __main__ - INFO - Successfully added to shopping cart.
2024-08-18 00:28:41,219 - __main__ - INFO - Select get ticket from 7-11
2024-08-18 00:29:04,622 - __main__ - INFO - Successfully clicked get ticket
2024-08-18 00:29:04,628 - __main__ - INFO - Click agree
2024-08-18 00:29:04,676 - __main__ - INFO - Successfully clicked agree
2024-08-18 00:29:04,676 - __main__ - INFO - Click next step
2024-08-18 00:29:04,802 - __main__ - INFO - Successfully clicked next step
2024-08-18 00:32:45,416 - __main__ - INFO - Starting ticket booking process...
2024-08-18 00:32:50,230 - __main__ - INFO - Attempting to click 'Buy Ticket' button...
2024-08-18 00:32:50,337 - __main__ - INFO - Successfully clicked 'Buy Ticket' button.
2024-08-18 00:32:50,337 - __main__ - INFO - Attempting to click 'Book Now' button...
2024-08-18 00:32:50,934 - __main__ - INFO - Successfully clicked 'Book Now' button.
2024-08-18 00:32:50,935 - __main__ - INFO - Selecting 'Computer Seat Assignment'...
2024-08-18 00:32:51,193 - __main__ - INFO - Successfully selected 'Computer Seat Assignment'.
2024-08-18 00:32:51,990 - __main__ - INFO - Selected ticket: {'Area': '2樓紅217區2680元', 'Price': '2,680', 'Seats': '18', 'Element': <JSHandle preview=JSHandle@<tr rel="a87" id="P0KZ7F9U" class="status_tr">…</tr>>}
2024-08-18 00:32:52,115 - __main__ - INFO - Clicking plus button...
2024-08-18 00:32:52,345 - __main__ - INFO - Successfully clicked plus button.
2024-08-18 00:32:52,345 - __main__ - INFO - Clicking plus button...
2024-08-18 00:32:52,388 - __main__ - INFO - Successfully clicked plus button.
2024-08-18 00:32:52,388 - __main__ - INFO - Entering username...
2024-08-18 00:32:52,394 - __main__ - INFO - Username entered successfully.
2024-08-18 00:32:52,394 - __main__ - INFO - Entering password...
2024-08-18 00:32:52,402 - __main__ - INFO - Password entered successfully.
2024-08-18 00:32:52,402 - __main__ - INFO - Processing captcha...
2024-08-18 00:32:52,489 - __main__ - INFO - Captcha processed successfully, input: dme3
2024-08-18 00:32:52,495 - __main__ - INFO - Adding to shopping cart...
2024-08-18 00:32:52,536 - __main__ - INFO - Successfully added to shopping cart.
2024-08-18 00:32:53,014 - __main__ - INFO - Select get ticket from 7-11
2024-08-18 00:32:53,729 - __main__ - INFO - Successfully clicked get ticket
2024-08-18 00:32:53,729 - __main__ - INFO - Click agree
2024-08-18 00:32:53,756 - __main__ - INFO - Successfully clicked agree
2024-08-18 00:32:53,756 - __main__ - INFO - Click next step
2024-08-18 00:32:53,852 - __main__ - INFO - Successfully clicked next step
